
ROM used:   2906/32768 (9%)
            2906/32768 (9%) including unused fragments

            0.7 Average locations per line
            5.4 Average locations per statement

RAM used:   118/1536 (8%) at main() level
            141/1536 (9%) worst case

Stack used: 7 worst case (4 in main + 3 for interrupts)
Stack size: 31

Lines Stmts  %   Files
----- ----- ---  -----
  141    45   8  main.c
    8     0   0  main.h
  878     0   0  G:\Program Files (x86)\PICC\Devices\18F4520.h
   88     0   0  G:\Program Files (x86)\PICC\Drivers\modbus.c
  201     0   0  G:\Program Files (x86)\PICC\Drivers\modbus.h
  253     0   0  G:\Program Files (x86)\PICC\Drivers\modbus_phy_layer.h
  597     0   0  G:\Program Files (x86)\PICC\Drivers\modbus_app_layer.h
  412    69  13  G:\Program Files (x86)\PICC\Drivers\modbus_phy_layer_rtu.c
 1046   343  64  G:\Program Files (x86)\PICC\Drivers\modbus_app_layer.c
  259    79  15  flex_lcd420.c
----- -----
 3883   536 Total

Page ROM  %  RAM    Vol Diff  Functions:
---- --- --- ---    --- ----  ----------
0     38   1    1             @delay_ms1
0      8   0    0             @TIMERISR_1
0     76   1    0    328  2.7  @GET_TICKS_1
0     64   1    2    389  2.3  @SET_TICKS_1
0     40   1    2    411  4.5  @PUTCHAR_BIU_1
0     48   1    2    386  6.5  @GETCH_BIU_1
0    272   5    0    310  4.8  @const887
0    272   5    0    470  2.1  @const890
0     30   1    0    195  2.7  RCV_ON
0     14   0    1     43  1.5  modbus_enable_timeout
0     54   1    0    259  5.0  modbus_timeout_now
0     30   1    2     80  2.7  modbus_check_timeout
0     30   1    2    230  3.2  modbus_calc_crc
0     34   1    1     88  2.1  modbus_serial_putc
0     32   1    2    211  4.0  modbus_serial_send_start
0     42   1    2    360  5.6  modbus_serial_send_stop
0    108   2    3    754  6.0  incomming_modbus_serial
0     12   0    0     47  1.3  modbus_init
0     34   1    0    269  5.3  modbus_kbhit
0    124   2    6    552  6.0  modbus_read_holding_registers
0    124   2    6    552  6.0  modbus_write_single_register
0     20   0    0    935 10.4  @const916
0     64   1    1    328  2.7  lcd_send_nibble
0     52   1    1    389  2.3  lcd_read_nibble
0     36   1    3    165  3.3  lcd_read_byte
0     66   1    3    319  4.1  lcd_send_byte
0     82   1    2    411  4.5  lcd_init
0     64   1    4    386  6.5  lcd_gotoxy
0     72   1    1    310  4.8  lcd_putc
0    118   2   10    446  5.6  read_all_holding
0    118   2   10    452  5.8  write_reg
0    266   5    4    695  6.3  MAIN
0     16   0    0    660  5.3  @const965
0     34   1    2    226  2.2  @PSTRINGC_938
0     10   0    0    226  2.2  @const972
0    188   3    9    153  5.4  @PRINTF_LU_938
0     32   1    3    153  5.4  @PSTRINGCN_938
 Inline         0    220  6.2  @cinit1

Program metrics:
    Functions               36
    Statements              536
    Comments                1202
    Volume (V)              23779
    Difficulty (D)          154.9
    Effort to implement (E) 3682970
    Time to implement (T)   56 hours, 50 minutes
    Est Delivered Bugs (B)  8
    Cyclomatic Complexity   52
    Maintainability (MI)    116

 Segment     Used  Free
-----------  ----  ----
00000-00002     4  0  
00004-00006     0  4  
00008-000B8   178  0  
000BA-07FFE  2724  29858  



